2024-03-31 22:11:57 [SpringApplicationShutdownHook] INFO  : Closing JPA EntityManagerFactory for persistence unit 'default'
2024-03-31 22:11:57 [SpringApplicationShutdownHook] INFO  : HikariPool-1 - Shutdown initiated...
2024-03-31 22:11:57 [SpringApplicationShutdownHook] INFO  : HikariPool-1 - Shutdown completed.
2024-03-31 22:13:13 [main] INFO  : Starting ParseAndPersistTest using Java 21.0.2 with PID 51688 (started by sanek in C:\projects\movie-land)
2024-03-31 22:13:13 [main] INFO  : No active profile set, falling back to 1 default profile: "default"
2024-03-31 22:13:15 [main] INFO  : Bootstrapping Spring Data JPA repositories in DEFAULT mode.
2024-03-31 22:13:15 [main] INFO  : Finished Spring Data repository scanning in 112 ms. Found 2 JPA repository interfaces.
2024-03-31 22:13:16 [main] INFO  : HikariPool-1 - Starting...
2024-03-31 22:13:17 [main] INFO  : HikariPool-1 - Added connection org.postgresql.jdbc.PgConnection@3c16528d
2024-03-31 22:13:17 [main] INFO  : HikariPool-1 - Start completed.
2024-03-31 22:13:17 [main] INFO  : Flyway Community Edition 9.22.3 by Redgate
2024-03-31 22:13:17 [main] INFO  : See release notes here: https://rd.gt/416ObMi
2024-03-31 22:13:17 [main] INFO  : 
2024-03-31 22:13:17 [main] INFO  : Database: jdbc:postgresql://localhost:5432/movieland (PostgreSQL 16.1)
2024-03-31 22:13:17 [main] WARN  : Flyway upgrade recommended: PostgreSQL 16.1 is newer than this version of Flyway and support has not been tested. The latest supported version of PostgreSQL is 15.
2024-03-31 22:13:17 [main] INFO  : Successfully validated 4 migrations (execution time 00:00.089s)
2024-03-31 22:13:17 [main] INFO  : Current version of schema "public": 1.3
2024-03-31 22:13:17 [main] INFO  : Schema "public" is up to date. No migration necessary.
2024-03-31 22:13:18 [main] INFO  : HHH000204: Processing PersistenceUnitInfo [name: default]
2024-03-31 22:13:18 [main] INFO  : HHH000412: Hibernate ORM core version 6.4.4.Final
2024-03-31 22:13:18 [main] INFO  : HHH000026: Second-level cache disabled
2024-03-31 22:13:19 [main] INFO  : No LoadTimeWeaver setup: ignoring JPA class transformer
2024-03-31 22:13:19 [main] WARN  : HHH90000025: PostgreSQLDialect does not need to be specified explicitly using 'hibernate.dialect' (remove the property setting and it will be selected by default)
2024-03-31 22:13:21 [main] INFO  : HHH000489: No JTA platform available (set 'hibernate.transaction.jta.platform' to enable JTA platform integration)
2024-03-31 22:13:21 [main] INFO  : Initialized JPA EntityManagerFactory for persistence unit 'default'
2024-03-31 22:13:22 [main] INFO  : Hibernate is in classpath; If applicable, HQL parser will be used.
2024-03-31 22:13:23 [main] WARN  : spring.jpa.open-in-view is enabled by default. Therefore, database queries may be performed during view rendering. Explicitly configure spring.jpa.open-in-view to disable this warning
2024-03-31 22:13:24 [main] INFO  : Started ParseAndPersistTest in 11.817 seconds (process running for 14.676)
2024-03-31 22:13:24 [scheduling-1] INFO  : Cache has been updated at 2024-03-31T22:13:24.719092400
2024-03-31 22:15:20 [HikariPool-1 housekeeper] WARN  : HikariPool-1 - Thread starvation or clock leap detected (housekeeper delta=49s549ms787µs700ns).
2024-03-31 22:15:44 [SpringApplicationShutdownHook] INFO  : Closing JPA EntityManagerFactory for persistence unit 'default'
2024-03-31 22:15:44 [SpringApplicationShutdownHook] INFO  : HikariPool-1 - Shutdown initiated...
2024-03-31 22:15:44 [SpringApplicationShutdownHook] INFO  : HikariPool-1 - Shutdown completed.
2024-03-31 22:16:29 [main] INFO  : Starting ParseAndPersistTest using Java 21.0.2 with PID 27860 (started by sanek in C:\projects\movie-land)
2024-03-31 22:16:29 [main] INFO  : No active profile set, falling back to 1 default profile: "default"
2024-03-31 22:16:31 [main] INFO  : Bootstrapping Spring Data JPA repositories in DEFAULT mode.
2024-03-31 22:16:31 [main] INFO  : Finished Spring Data repository scanning in 138 ms. Found 2 JPA repository interfaces.
2024-03-31 22:16:32 [main] INFO  : HikariPool-1 - Starting...
2024-03-31 22:16:33 [main] INFO  : HikariPool-1 - Added connection org.postgresql.jdbc.PgConnection@203b953c
2024-03-31 22:16:33 [main] INFO  : HikariPool-1 - Start completed.
2024-03-31 22:16:33 [main] INFO  : Flyway Community Edition 9.22.3 by Redgate
2024-03-31 22:16:33 [main] INFO  : See release notes here: https://rd.gt/416ObMi
2024-03-31 22:16:33 [main] INFO  : 
2024-03-31 22:16:34 [main] INFO  : Database: jdbc:postgresql://localhost:5432/movieland (PostgreSQL 16.1)
2024-03-31 22:16:34 [main] WARN  : Flyway upgrade recommended: PostgreSQL 16.1 is newer than this version of Flyway and support has not been tested. The latest supported version of PostgreSQL is 15.
2024-03-31 22:16:34 [main] INFO  : Successfully validated 4 migrations (execution time 00:00.082s)
2024-03-31 22:16:34 [main] INFO  : Current version of schema "public": 1.3
2024-03-31 22:16:34 [main] INFO  : Schema "public" is up to date. No migration necessary.
2024-03-31 22:16:34 [main] INFO  : HHH000204: Processing PersistenceUnitInfo [name: default]
2024-03-31 22:16:34 [main] INFO  : HHH000412: Hibernate ORM core version 6.4.4.Final
2024-03-31 22:16:34 [main] INFO  : HHH000026: Second-level cache disabled
2024-03-31 22:16:35 [main] INFO  : No LoadTimeWeaver setup: ignoring JPA class transformer
2024-03-31 22:16:35 [main] WARN  : HHH90000025: PostgreSQLDialect does not need to be specified explicitly using 'hibernate.dialect' (remove the property setting and it will be selected by default)
2024-03-31 22:16:37 [main] INFO  : HHH000489: No JTA platform available (set 'hibernate.transaction.jta.platform' to enable JTA platform integration)
2024-03-31 22:16:37 [main] INFO  : Initialized JPA EntityManagerFactory for persistence unit 'default'
2024-03-31 22:16:38 [main] INFO  : Hibernate is in classpath; If applicable, HQL parser will be used.
2024-03-31 22:16:39 [main] WARN  : spring.jpa.open-in-view is enabled by default. Therefore, database queries may be performed during view rendering. Explicitly configure spring.jpa.open-in-view to disable this warning
2024-03-31 22:16:40 [main] INFO  : Started ParseAndPersistTest in 11.759 seconds (process running for 14.519)
2024-03-31 22:16:40 [scheduling-1] INFO  : Cache has been updated at 2024-03-31T22:16:40.812709
2024-03-31 22:17:35 [SpringApplicationShutdownHook] INFO  : Closing JPA EntityManagerFactory for persistence unit 'default'
2024-03-31 22:17:35 [SpringApplicationShutdownHook] INFO  : HikariPool-1 - Shutdown initiated...
2024-03-31 22:17:35 [SpringApplicationShutdownHook] INFO  : HikariPool-1 - Shutdown completed.
